  pruebas.cpp
C:\Users\Usuario\Desktop\proyecto adidier\dibujos\pruebas\pruebas\pruebas.cpp(112,38): warning C4244:  'argumento': conversión de 'float' a 'int'; posible pérdida de datos
C:\Users\Usuario\Desktop\proyecto adidier\dibujos\pruebas\pruebas\pruebas.cpp(112,35): warning C4244:  'argumento': conversión de 'float' a 'int'; posible pérdida de datos
C:\Users\Usuario\Desktop\proyecto adidier\dibujos\pruebas\pruebas\pruebas.cpp(128,38): warning C4244:  'argumento': conversión de 'float' a 'int'; posible pérdida de datos
C:\Users\Usuario\Desktop\proyecto adidier\dibujos\pruebas\pruebas\pruebas.cpp(128,35): warning C4244:  'argumento': conversión de 'float' a 'int'; posible pérdida de datos
C:\Users\Usuario\Desktop\proyecto adidier\dibujos\pruebas\pruebas\pruebas.cpp(82,11): warning C4101:  'i': variable local sin referencia
C:\Users\Usuario\Desktop\proyecto adidier\dibujos\pruebas\pruebas\pruebas.cpp(148,44): warning C4244:  'argumento': conversión de 'float' a 'int'; posible pérdida de datos
C:\Users\Usuario\Desktop\proyecto adidier\dibujos\pruebas\pruebas\pruebas.cpp(148,36): warning C4244:  'argumento': conversión de 'float' a 'int'; posible pérdida de datos
C:\Users\Usuario\Desktop\proyecto adidier\dibujos\pruebas\pruebas\pruebas.cpp(149,45): warning C4244:  'argumento': conversión de 'float' a 'int'; posible pérdida de datos
C:\Users\Usuario\Desktop\proyecto adidier\dibujos\pruebas\pruebas\pruebas.cpp(149,37): warning C4244:  'argumento': conversión de 'float' a 'int'; posible pérdida de datos
C:\Users\Usuario\Desktop\proyecto adidier\dibujos\pruebas\pruebas\pruebas.cpp(150,46): warning C4244:  'argumento': conversión de 'float' a 'int'; posible pérdida de datos
C:\Users\Usuario\Desktop\proyecto adidier\dibujos\pruebas\pruebas\pruebas.cpp(150,37): warning C4244:  'argumento': conversión de 'float' a 'int'; posible pérdida de datos
C:\Users\Usuario\Desktop\proyecto adidier\dibujos\pruebas\pruebas\pruebas.cpp(151,45): warning C4244:  'argumento': conversión de 'float' a 'int'; posible pérdida de datos
C:\Users\Usuario\Desktop\proyecto adidier\dibujos\pruebas\pruebas\pruebas.cpp(151,36): warning C4244:  'argumento': conversión de 'float' a 'int'; posible pérdida de datos
C:\Users\Usuario\Desktop\proyecto adidier\dibujos\pruebas\pruebas\pruebas.cpp(152,44): warning C4244:  'argumento': conversión de 'float' a 'int'; posible pérdida de datos
C:\Users\Usuario\Desktop\proyecto adidier\dibujos\pruebas\pruebas\pruebas.cpp(152,36): warning C4244:  'argumento': conversión de 'float' a 'int'; posible pérdida de datos
C:\Users\Usuario\Desktop\proyecto adidier\dibujos\pruebas\pruebas\pruebas.cpp(153,45): warning C4244:  'argumento': conversión de 'float' a 'int'; posible pérdida de datos
C:\Users\Usuario\Desktop\proyecto adidier\dibujos\pruebas\pruebas\pruebas.cpp(153,37): warning C4244:  'argumento': conversión de 'float' a 'int'; posible pérdida de datos
C:\Users\Usuario\Desktop\proyecto adidier\dibujos\pruebas\pruebas\pruebas.cpp(154,46): warning C4244:  'argumento': conversión de 'float' a 'int'; posible pérdida de datos
C:\Users\Usuario\Desktop\proyecto adidier\dibujos\pruebas\pruebas\pruebas.cpp(154,37): warning C4244:  'argumento': conversión de 'float' a 'int'; posible pérdida de datos
C:\Users\Usuario\Desktop\proyecto adidier\dibujos\pruebas\pruebas\pruebas.cpp(155,45): warning C4244:  'argumento': conversión de 'float' a 'int'; posible pérdida de datos
C:\Users\Usuario\Desktop\proyecto adidier\dibujos\pruebas\pruebas\pruebas.cpp(155,36): warning C4244:  'argumento': conversión de 'float' a 'int'; posible pérdida de datos
C:\Users\Usuario\Desktop\proyecto adidier\dibujos\pruebas\pruebas\pruebas.cpp(161,20): warning C4018:  '<': no coinciden signed/unsigned
C:\Users\Usuario\Desktop\proyecto adidier\dibujos\pruebas\pruebas\pruebas.cpp(162,9): warning C4018:  '<': no coinciden signed/unsigned
C:\Users\Usuario\Desktop\proyecto adidier\dibujos\pruebas\pruebas\pruebas.cpp(210,36): warning C4305:  '+=': truncamiento de 'double' a 'float'
C:\Users\Usuario\Desktop\proyecto adidier\dibujos\pruebas\pruebas\pruebas.cpp(215,27): warning C4244:  'argumento': conversión de 'float' a 'const unsigned int'; posible pérdida de datos
C:\Users\Usuario\Desktop\proyecto adidier\dibujos\pruebas\pruebas\pruebas.cpp(216,27): warning C4244:  'argumento': conversión de 'float' a 'const unsigned int'; posible pérdida de datos
C:\Users\Usuario\Desktop\proyecto adidier\dibujos\pruebas\pruebas\pruebas.cpp(219,29): warning C4244:  'inicializando': conversión de 'int' a 'float'; posible pérdida de datos
C:\Users\Usuario\Desktop\proyecto adidier\dibujos\pruebas\pruebas\pruebas.cpp(225,49): warning C4244:  'argumento': conversión de 'float' a 'int'; posible pérdida de datos
C:\Users\Usuario\Desktop\proyecto adidier\dibujos\pruebas\pruebas\pruebas.cpp(225,34): warning C4244:  'argumento': conversión de 'float' a 'int'; posible pérdida de datos
C:\Users\Usuario\Desktop\proyecto adidier\dibujos\pruebas\pruebas\pruebas.cpp(227,20): warning C4018:  '<': no coinciden signed/unsigned
C:\Users\Usuario\Desktop\proyecto adidier\dibujos\pruebas\pruebas\pruebas.cpp(207,12): warning C4101:  'yf': variable local sin referencia
C:\Users\Usuario\Desktop\proyecto adidier\dibujos\pruebas\pruebas\pruebas.cpp(207,8): warning C4101:  'xf': variable local sin referencia
C:\Users\Usuario\Desktop\proyecto adidier\dibujos\pruebas\pruebas\pruebas.cpp(206,11): warning C4101:  'y': variable local sin referencia
C:\Users\Usuario\Desktop\proyecto adidier\dibujos\pruebas\pruebas\pruebas.cpp(206,8): warning C4101:  'x': variable local sin referencia
C:\Users\Usuario\Desktop\proyecto adidier\dibujos\pruebas\pruebas\pruebas.cpp(237,24): warning C4244:  'argumento': conversión de 'int' a 'float'; posible pérdida de datos
C:\Users\Usuario\Desktop\proyecto adidier\dibujos\pruebas\pruebas\pruebas.cpp(237,16): warning C4244:  'argumento': conversión de 'int' a 'float'; posible pérdida de datos
C:\Users\Usuario\Desktop\proyecto adidier\dibujos\pruebas\pruebas\pruebas.cpp(238,24): warning C4244:  'argumento': conversión de 'int' a 'float'; posible pérdida de datos
C:\Users\Usuario\Desktop\proyecto adidier\dibujos\pruebas\pruebas\pruebas.cpp(267,51): warning C4244:  'argumento': conversión de 'Sint32' a 'float'; posible pérdida de datos
C:\Users\Usuario\Desktop\proyecto adidier\dibujos\pruebas\pruebas\pruebas.cpp(267,39): warning C4244:  'argumento': conversión de 'Sint32' a 'float'; posible pérdida de datos
C:\Users\Usuario\Desktop\proyecto adidier\dibujos\pruebas\pruebas\pruebas.cpp(275,58): warning C4244:  'argumento': conversión de 'Sint32' a 'float'; posible pérdida de datos
C:\Users\Usuario\Desktop\proyecto adidier\dibujos\pruebas\pruebas\pruebas.cpp(275,46): warning C4244:  'argumento': conversión de 'Sint32' a 'float'; posible pérdida de datos
C:\Users\Usuario\Desktop\proyecto adidier\dibujos\pruebas\pruebas\pruebas.cpp(275,34): warning C4244:  'argumento': conversión de 'Sint32' a 'float'; posible pérdida de datos
C:\Users\Usuario\Desktop\proyecto adidier\dibujos\pruebas\pruebas\pruebas.cpp(275,22): warning C4244:  'argumento': conversión de 'Sint32' a 'float'; posible pérdida de datos
C:\Users\Usuario\Desktop\proyecto adidier\dibujos\pruebas\pruebas\pruebas.cpp(306,11): warning C4244:  'inicializando': conversión de 'float' a 'int'; posible pérdida de datos
C:\Users\Usuario\Desktop\proyecto adidier\dibujos\pruebas\pruebas\pruebas.cpp(307,11): warning C4244:  'inicializando': conversión de 'float' a 'int'; posible pérdida de datos
C:\Users\Usuario\Desktop\proyecto adidier\dibujos\pruebas\pruebas\pruebas.cpp(308,10): warning C4244:  'inicializando': conversión de 'double' a 'int'; posible pérdida de datos
  Vector2.cpp
  Generando código...
C:\Users\Usuario\Desktop\proyecto adidier\dibujos\pruebas\pruebas\pruebas.cpp(309,19): warning C4244:  'argumento': conversión de 'int' a 'float'; posible pérdida de datos
C:\Users\Usuario\Desktop\proyecto adidier\dibujos\pruebas\pruebas\pruebas.cpp(309,19): warning C4244: C:\Users\Usuario\Desktop\proyecto adidier\dibujos\pruebas\pruebas\pruebas.cpp(327) : warning C4715: 'hola': no todas las rutas de acceso de control devuelven un valor
  pruebas.vcxproj -> C:\Users\Usuario\Desktop\proyecto adidier\dibujos\pruebas\Debug\pruebas.exe
